[2017-11-25 21.47.57]	Starting...
[2017-11-25 21.47.57]		[Dataset]	FB15k
[2017-11-25 21.47.57]	LinkPredictionTail
[2017-11-25 21.47.57]		[Name]	TransM
[2017-11-25 21.47.57]		[Dimension]	400
[2017-11-25 21.47.57]		[Learning Rate]	0.0015
[2017-11-25 21.47.57]		[Training Threshold]	3
[2017-11-25 21.47.57]		[Cluster Counts]	3
[2017-11-25 21.47.57]		[CRP Factor]	0.1
[2017-11-25 21.47.57]		[Weight Normalized]	True
[2017-11-25 21.47.57]		[Single or Total]	False
[2017-11-25 21.47.57]		[Epos]	1000
[2017-11-25 21.56.16]	
[2017-11-26 02.56.12]	
[2017-11-26 02.56.12]	Raw.BestMEANS = 6962.92
[2017-11-26 02.56.12]	Raw.BestMRR = 0.00413967
[2017-11-26 02.56.12]	Raw.BestHITS = 0.00407977
[2017-11-26 02.56.12]	Filter.BestMEANS = 6897.47
[2017-11-26 02.56.12]	Filter.BestMRR= 0.00414568
[2017-11-26 02.56.12]	Filter.BestHITS = 0.00407977
[2017-11-26 02.56.20]	1000	 Accuracy = 0.984934, Best = 0.984934
[2017-11-26 02.56.20]	
