[2017-12-01 16.10.05]	Starting...
[2017-12-01 16.10.05]		[Dataset]	FB15k
[2017-12-01 16.10.05]	LinkPredictionTail
[2017-12-01 16.10.05]		[Name]	TransE
[2017-12-01 16.10.05]		[Dimension]	100
[2017-12-01 16.10.05]		[Learning Rate]	0.001
[2017-12-01 16.10.05]		[Training Threshold]	1
[2017-12-01 16.10.05]		[Epos]	1000
[2017-12-01 17.38.42]	
[2017-12-01 18.45.35]	1:0.692946
[2017-12-01 18.45.35]	2:0.288397
[2017-12-01 18.45.35]	3:0.898628
[2017-12-01 18.45.35]	4:0.698013
[2017-12-01 18.45.35]	
[2017-12-01 18.45.35]	Raw.BestMEANS = 208.027
[2017-12-01 18.45.35]	Raw.BestMRR = 0.236824
[2017-12-01 18.45.35]	Raw.BestHITS = 0.512561
[2017-12-01 18.45.35]	Filter.BestMEANS = 132.469
[2017-12-01 18.45.35]	Filter.BestMRR= 0.390802
[2017-12-01 18.45.35]	Filter.BestHITS = 0.690479
[2017-12-01 18.45.41]	1000	 Accuracy = 0.982344, Best = 0.982344
[2017-12-01 18.45.41]	
