[2017-12-05 22.32.07]	Starting...
[2017-12-05 22.32.07]		[Dataset]	FB15k
[2017-12-05 22.32.07]	LinkPredictionTail
[2017-12-05 22.32.07]		[Name]	TransE
[2017-12-05 22.32.07]		[Dimension]	50
[2017-12-05 22.32.07]		[Learning Rate]	0.001
[2017-12-05 22.32.07]		[Training Threshold]	1.8
[2017-12-05 22.32.07]		[Name]	SemanticModel.TransE
[2017-12-05 22.32.07]		[Dimension]	50
[2017-12-05 22.32.07]		[Learning Rate]	0.001
[2017-12-05 22.32.07]		[Training Threshold]	1.8
[2017-12-05 22.32.07]		[Topic Model]	LSI
[2017-12-05 22.32.07]		[Balance]	0.2
[2017-12-05 22.32.07]		[Name]	SemanticModel.Joint
[2017-12-05 22.32.07]		[Factor]	0.1
[2017-12-05 22.32.13]		[Epos]	5000
[2017-12-06 19.05.27]	
[2017-12-06 19.45.58]	
[2017-12-06 19.45.58]	Raw.BestMEANS = 13164.4
[2017-12-06 19.45.58]	Raw.BestMRR = 6.71794e-05
[2017-12-06 19.45.58]	Raw.BestHITS = 0
[2017-12-06 19.45.58]	Filter.BestMEANS = 13099.5
[2017-12-06 19.45.58]	Filter.BestMRR= 6.79666e-05
[2017-12-06 19.45.58]	Filter.BestHITS = 0
[2017-12-06 19.46.02]	5000	 Accuracy = 0.983715, Best = 0.983715
[2017-12-06 19.46.02]	
