[2017-11-29 12.16.40]	Starting...
[2017-11-29 12.16.40]		[Dataset]	FB15k
[2017-11-29 12.16.40]	LinkPredictionTail
[2017-11-29 12.16.40]		[Name]	TransE
[2017-11-29 12.16.40]		[Dimension]	100
[2017-11-29 12.16.40]		[Learning Rate]	0.0001
[2017-11-29 12.16.40]		[Training Threshold]	1
[2017-11-29 12.16.40]		[Epos]	1000
[2017-11-29 13.01.55]	
[2017-11-29 15.17.07]	1:0.450207
[2017-11-29 15.17.07]	2:0.0951284
[2017-11-29 15.17.07]	3:0.769503
[2017-11-29 15.17.07]	4:0.475899
[2017-11-29 15.17.07]	
[2017-11-29 15.17.07]	Raw.BestMEANS = 364.384
[2017-11-29 15.17.07]	Raw.BestMRR = 0.165137
[2017-11-29 15.17.07]	Raw.BestHITS = 0.386376
[2017-11-29 15.17.07]	Filter.BestMEANS = 291.899
[2017-11-29 15.17.07]	Filter.BestMRR= 0.229751
[2017-11-29 15.17.07]	Filter.BestHITS = 0.485475
[2017-11-29 15.17.10]	1000	 Accuracy = 0.982716, Best = 0.982716
[2017-11-29 15.17.10]	
