[2017-11-29 16.52.46]	Starting...
[2017-11-29 16.52.46]		[Dataset]	WN11
[2017-11-29 16.52.46]	LinkPredictionTail
[2017-11-29 16.52.46]		[Name]	TransE
[2017-11-29 16.52.46]		[Dimension]	100
[2017-11-29 16.52.46]		[Learning Rate]	0.001
[2017-11-29 16.52.46]		[Training Threshold]	1
[2017-11-29 16.52.46]		[Epos]	3000
[2017-11-29 17.52.37]	
[2017-11-29 18.21.23]	1:0
[2017-11-29 18.21.23]	2:0.00600488
[2017-11-29 18.21.23]	3:0.0394686
[2017-11-29 18.21.23]	4:-nan
[2017-11-29 18.21.23]	
[2017-11-29 18.21.23]	Raw.BestMEANS = 13811.7
[2017-11-29 18.21.23]	Raw.BestMRR = 0.0102441
[2017-11-29 18.21.23]	Raw.BestHITS = 0.0218134
[2017-11-29 18.21.23]	Filter.BestMEANS = 13786.7
[2017-11-29 18.21.23]	Filter.BestMRR= 0.0106553
[2017-11-29 18.21.23]	Filter.BestHITS = 0.0224772
[2017-11-29 18.21.23]	3000	 Accuracy = 0.604012, Best = 0.604012
[2017-11-29 18.21.23]	
