[2017-11-29 19.56.48]	Starting...
[2017-11-29 19.56.48]		[Dataset]	WN11
[2017-11-29 19.56.48]	LinkPredictionTail
[2017-11-29 19.56.48]		[Name]	TransE
[2017-11-29 19.56.48]		[Dimension]	100
[2017-11-29 19.56.48]		[Learning Rate]	0.001
[2017-11-29 19.56.48]		[Training Threshold]	1
[2017-11-29 19.56.48]		[Epos]	3000
[2017-11-29 20.54.12]	
[2017-11-29 21.23.26]	1:0
[2017-11-29 21.23.26]	2:0.00581723
[2017-11-29 21.23.26]	3:0.0423566
[2017-11-29 21.23.26]	4:-nan
[2017-11-29 21.23.26]	
[2017-11-29 21.23.26]	Raw.BestMEANS = 14005.5
[2017-11-29 21.23.26]	Raw.BestMRR = 0.0110074
[2017-11-29 21.23.26]	Raw.BestHITS = 0.0228566
[2017-11-29 21.23.26]	Filter.BestMEANS = 13980.3
[2017-11-29 21.23.26]	Filter.BestMRR= 0.0113255
[2017-11-29 21.23.26]	Filter.BestHITS = 0.023805
[2017-11-29 21.23.26]	3000	 Accuracy = 0.607758, Best = 0.607758
[2017-11-29 21.23.26]	
