[2017-11-28 23.04.41]	Starting...
[2017-11-28 23.04.41]		[Dataset]	FB15k
[2017-11-28 23.04.41]	LinkPredictionTail
[2017-11-28 23.04.41]		[Name]	TransE
[2017-11-28 23.04.41]		[Dimension]	100
[2017-11-28 23.04.41]		[Learning Rate]	0.0001
[2017-11-28 23.04.41]		[Training Threshold]	1
[2017-11-28 23.04.42]		[Epos]	1000
[2017-11-28 23.06.42]	
[2017-11-29 00.10.17]	1:0.206432
[2017-11-29 00.10.17]	2:0.00124004
[2017-11-29 00.10.17]	3:0.00214316
[2017-11-29 00.10.17]	4:0.000834666
[2017-11-29 00.10.17]	
[2017-11-29 00.10.17]	Raw.BestMEANS = 5720.37
[2017-11-29 00.10.17]	Raw.BestMRR = 0.00456127
[2017-11-29 00.10.17]	Raw.BestHITS = 0.00443527
[2017-11-29 00.10.17]	Filter.BestMEANS = 5651.11
[2017-11-29 00.10.17]	Filter.BestMRR= 0.00456885
[2017-11-29 00.10.17]	Filter.BestHITS = 0.00443527
[2017-11-29 00.10.20]	1000	 Accuracy = 0.983664, Best = 0.983664
[2017-11-29 00.10.20]	
