[2017-11-18 14.53.26]	Starting...
[2017-11-18 14.53.26]		[Dataset]	FB15k
[2017-11-18 14.53.26]	LinkPredictionTail
[2017-11-18 14.53.26]		[Name]	TransM
[2017-11-18 14.53.26]		[Dimension]	400
[2017-11-18 14.53.26]		[Learning Rate]	0.0015
[2017-11-18 14.53.26]		[Training Threshold]	3
[2017-11-18 14.53.26]		[Cluster Counts]	3
[2017-11-18 14.53.26]		[CRP Factor]	0.1
[2017-11-18 14.53.26]		[Weight Normalized]	True
[2017-11-18 14.53.26]		[Single or Total]	False
[2017-11-18 14.53.27]		[Epos]	500
[2017-11-18 14.56.30]	
[2017-11-19 11.54.43]	1:0.219917
[2017-11-19 11.54.43]	2:0.0145261
[2017-11-19 11.54.43]	3:0.494106
[2017-11-19 11.54.43]	4:0.147249
[2017-11-19 11.54.43]	
[2017-11-19 11.54.43]	Raw.BestMEANS = 3808.45
[2017-11-19 11.54.43]	Raw.BestMRR = 0.0647388
[2017-11-19 11.54.43]	Raw.BestHITS = 0.175599
[2017-11-19 11.54.43]	Filter.BestMEANS = 3738.87
[2017-11-19 11.54.43]	Filter.BestMRR= 0.0716773
[2017-11-19 11.54.43]	Filter.BestHITS = 0.190547
[2017-11-19 11.54.55]	500	 Accuracy = 0.982107, Best = 0.982107
[2017-11-19 11.54.55]	
