[2017-11-29 16.54.00]	Starting...
[2017-11-29 16.54.00]		[Dataset]	WN11
[2017-11-29 16.54.00]	LinkPredictionTail
[2017-11-29 16.54.00]		[Name]	TransE
[2017-11-29 16.54.00]		[Dimension]	100
[2017-11-29 16.54.00]		[Learning Rate]	0.001
[2017-11-29 16.54.00]		[Training Threshold]	1
[2017-11-29 16.54.00]		[Epos]	3000
[2017-11-29 16.56.56]	
[2017-11-29 17.26.21]	1:0
[2017-11-29 17.26.21]	2:0.00469131
[2017-11-29 17.26.21]	3:0.0344628
[2017-11-29 17.26.21]	4:-nan
[2017-11-29 17.26.21]	
[2017-11-29 17.26.21]	Raw.BestMEANS = 14293.2
[2017-11-29 17.26.21]	Raw.BestMRR = 0.00969594
[2017-11-29 17.26.21]	Raw.BestHITS = 0.0193475
[2017-11-29 17.26.21]	Filter.BestMEANS = 14268.2
[2017-11-29 17.26.21]	Filter.BestMRR= 0.009781
[2017-11-29 17.26.21]	Filter.BestHITS = 0.0193475
[2017-11-29 17.26.22]	3000	 Accuracy = 0.600028, Best = 0.600028
[2017-11-29 17.26.22]	
