[2017-12-02 23.07.15]	Starting...
[2017-12-02 23.07.15]		[Dataset]	FB15k
[2017-12-02 23.07.15]	LinkPredictionTail
[2017-12-02 23.07.15]		[Name]	TransE
[2017-12-02 23.07.15]		[Dimension]	50
[2017-12-02 23.07.15]		[Learning Rate]	0.001
[2017-12-02 23.07.15]		[Training Threshold]	1.8
[2017-12-02 23.07.15]		[Name]	SemanticModel.TransE
[2017-12-02 23.07.15]		[Dimension]	50
[2017-12-02 23.07.15]		[Learning Rate]	0.001
[2017-12-02 23.07.15]		[Training Threshold]	1.8
[2017-12-02 23.07.15]		[Topic Model]	LSI
[2017-12-02 23.07.15]		[Balance]	0.2
[2017-12-02 23.07.15]		[Name]	SemanticModel.Joint
[2017-12-02 23.07.15]		[Factor]	0.1
[2017-12-02 23.07.20]		[Epos]	5000
[2017-12-03 11.05.33]	
[2017-12-03 11.44.43]	
[2017-12-03 11.44.43]	Raw.BestMEANS = 13169.8
[2017-12-03 11.44.43]	Raw.BestMRR = 6.89313e-05
[2017-12-03 11.44.43]	Raw.BestHITS = 1.69285e-05
[2017-12-03 11.44.43]	Filter.BestMEANS = 13106.3
[2017-12-03 11.44.43]	Filter.BestMRR= 6.94657e-05
[2017-12-03 11.44.43]	Filter.BestHITS = 1.69285e-05
[2017-12-03 11.44.47]	5000	 Accuracy = 0.98363, Best = 0.98363
[2017-12-03 11.44.47]	
