[2017-10-16 21.14.12]	Starting...
[2017-10-16 21.14.12]		[Dataset]	FB15k
[2017-10-16 21.14.12]	LinkPredictionHead
[2017-10-16 21.14.12]		[Name]	TransE
[2017-10-16 21.14.12]		[Dimension]	50
[2017-10-16 21.14.12]		[Learning Rate]	0.001
[2017-10-16 21.14.12]		[Training Threshold]	1.8
[2017-10-16 21.14.13]		[Name]	SemanticModel.TransE
[2017-10-16 21.14.13]		[Dimension]	50
[2017-10-16 21.14.13]		[Learning Rate]	0.001
[2017-10-16 21.14.13]		[Training Threshold]	1.8
[2017-10-16 21.14.13]		[Topic Model]	LSI
[2017-10-16 21.14.13]		[Balance]	0.2
[2017-10-16 21.14.13]		[Name]	SemanticModel.Joint
[2017-10-16 21.14.13]		[Factor]	0.1
[2017-10-16 21.14.18]		[Epos]	6000
[2017-10-17 14.52.12]	
[2017-10-17 16.54.49]	1:0.000397003
[2017-10-17 16.54.49]	2:0.000686342
[2017-10-17 16.54.49]	3:0.000377159
[2017-10-17 16.54.49]	4:0
[2017-10-17 16.54.49]	
[2017-10-17 16.54.49]	Raw.BestMEANS = 7738.49
[2017-10-17 16.54.49]	Raw.BestMRR = 0.000586079
[2017-10-17 16.54.49]	Raw.BestHITS = 0.000389355
[2017-10-17 16.54.49]	Filter.BestMEANS = 7718.73
[2017-10-17 16.54.49]	Filter.BestMRR= 0.000588747
[2017-10-17 16.54.49]	Filter.BestHITS = 0.000406284
[2017-10-17 16.55.55]	6000	 Accuracy = 0.515371, Best = 0.515371
[2017-10-17 16.55.55]	
