[2017-10-17 19.18.59]	Starting...
[2017-10-17 19.18.59]		[Dataset]	FB15k
[2017-10-17 19.18.59]	LinkPredictionHead
[2017-10-17 19.18.59]		[Name]	TransE
[2017-10-17 19.18.59]		[Dimension]	50
[2017-10-17 19.18.59]		[Learning Rate]	0.001
[2017-10-17 19.18.59]		[Training Threshold]	1.8
[2017-10-17 19.18.59]		[Name]	SemanticModel.TransE
[2017-10-17 19.18.59]		[Dimension]	50
[2017-10-17 19.18.59]		[Learning Rate]	0.001
[2017-10-17 19.18.59]		[Training Threshold]	1.8
[2017-10-17 19.18.59]		[Topic Model]	LSI
[2017-10-17 19.18.59]		[Balance]	0.2
[2017-10-17 19.18.59]		[Name]	SemanticModel.Joint
[2017-10-17 19.18.59]		[Factor]	0.1
[2017-10-17 19.19.05]		[Epos]	1000
[2017-10-17 22.32.15]	
[2017-10-18 00.21.09]	1:0.78112
[2017-10-18 00.21.09]	2:0.90434
[2017-10-18 00.21.09]	3:0.244642
[2017-10-18 00.21.09]	4:0.621827
[2017-10-18 00.21.09]	
[2017-10-18 00.21.09]	Raw.BestMEANS = 267.77
[2017-10-18 00.21.09]	Raw.BestMRR = 0.210178
[2017-10-18 00.21.09]	Raw.BestHITS = 0.434182
[2017-10-18 00.21.09]	Filter.BestMEANS = 154.007
[2017-10-18 00.21.09]	Filter.BestMRR= 0.354105
[2017-10-18 00.21.09]	Filter.BestHITS = 0.591837
[2017-10-18 00.21.15]	1000	 Accuracy = 0.983579, Best = 0.983579
[2017-10-18 00.21.15]	
