[2017-10-14 17.37.38]	Starting...
[2017-10-14 17.37.38]		[Dataset]	FB15k
[2017-10-14 17.37.38]	LinkPredictionHead
[2017-10-14 17.37.38]		[Name]	TransE
[2017-10-14 17.37.38]		[Dimension]	50
[2017-10-14 17.37.38]		[Learning Rate]	0.001
[2017-10-14 17.37.38]		[Training Threshold]	1.8
[2017-10-14 17.37.38]		[Name]	SemanticModel.TransE
[2017-10-14 17.37.38]		[Dimension]	50
[2017-10-14 17.37.38]		[Learning Rate]	0.001
[2017-10-14 17.37.38]		[Training Threshold]	1.8
[2017-10-14 17.37.38]		[Topic Model]	LSI
[2017-10-14 17.37.38]		[Balance]	0.2
[2017-10-14 17.37.38]		[Name]	SemanticModel.Joint
[2017-10-14 17.37.38]		[Factor]	0.1
[2017-10-14 17.37.44]		[Epos]	8000
[2017-10-15 16.56.38]	
[2017-10-15 18.46.48]	1:0.584659
[2017-10-15 18.46.48]	2:0.700748
[2017-10-15 18.46.48]	3:0.43767
[2017-10-15 18.46.48]	4:0.687396
[2017-10-15 18.46.48]	
[2017-10-15 18.46.48]	Raw.BestMEANS = 367.895
[2017-10-15 18.46.48]	Raw.BestMRR = 0.162604
[2017-10-15 18.46.48]	Raw.BestHITS = 0.336725
[2017-10-15 18.46.48]	Filter.BestMEANS = 248.42
[2017-10-15 18.46.48]	Filter.BestMRR= 0.283062
[2017-10-15 18.46.48]	Filter.BestHITS = 0.479398
[2017-10-15 18.47.54]	8000	 Accuracy = 0.902822, Best = 0.902822
[2017-10-15 18.47.54]	
