[2017-10-18 22.00.09]	Starting...
[2017-10-18 22.00.09]		[Dataset]	FB15k
[2017-10-18 22.00.09]	LinkPredictionHead
[2017-10-18 22.00.09]		[Name]	TransE
[2017-10-18 22.00.09]		[Dimension]	50
[2017-10-18 22.00.09]		[Learning Rate]	0.001
[2017-10-18 22.00.09]		[Training Threshold]	1.8
[2017-10-18 22.00.09]		[Name]	SemanticModel.TransE
[2017-10-18 22.00.09]		[Dimension]	50
[2017-10-18 22.00.09]		[Learning Rate]	0.001
[2017-10-18 22.00.09]		[Training Threshold]	1.8
[2017-10-18 22.00.09]		[Topic Model]	LSI
[2017-10-18 22.00.09]		[Balance]	0.2
[2017-10-18 22.00.09]		[Name]	SemanticModel.Joint
[2017-10-18 22.00.09]		[Factor]	0.1
[2017-10-18 22.00.15]		[Epos]	5000
[2017-10-19 12.51.00]	
[2017-10-19 14.32.25]	1:0.818465
[2017-10-19 14.32.25]	2:0.940655
[2017-10-19 14.32.25]	3:0.30015
[2017-10-19 14.32.25]	4:0.682502
[2017-10-19 14.32.25]	
[2017-10-19 14.32.25]	Raw.BestMEANS = 244.342
[2017-10-19 14.32.25]	Raw.BestMRR = 0.22654
[2017-10-19 14.32.25]	Raw.BestHITS = 0.463147
[2017-10-19 14.32.25]	Filter.BestMEANS = 127.547
[2017-10-19 14.32.25]	Filter.BestMRR= 0.406962
[2017-10-19 14.32.25]	Filter.BestHITS = 0.648988
[2017-10-19 14.32.29]	5000	 Accuracy = 0.983698, Best = 0.983698
[2017-10-19 14.32.29]	
